<?xml version="1.0" encoding="UTF-8"?>
<!-- Generated by org.testng.reporters.JUnitReportReporter -->
<testsuite hostname="NAHUEL" failures="0" tests="6" name="tests.testExecution" time="5.076" errors="0" timestamp="2023-09-04T23:56:20 ART" skipped="0">
  <testcase classname="tests.testExecution" name="escribirPalabra" time="0.251"/>
  <testcase classname="tests.testExecution" name="removerProductoDelCarrito" time="0.329"/>
  <testcase classname="tests.testExecution" name="validarProductoEnCarrito" time="0.154"/>
  <testcase classname="tests.testExecution" name="validarProductoNoEnCarrito" time="0.614"/>
  <testcase classname="tests.testExecution" name="hacerBusqueda" time="0.886"/>
  <testcase classname="tests.testExecution" name="seleccionarItem" time="2.842"/>
</testsuite> <!-- tests.testExecution -->
